<?xml version="1.0" encoding="UTF-8"?>

<!--
    Test Case for Round-Trip Latency After Server is Killed

    Test is running on four machines shongo-test1 (195.113.151.181),
    shongo-test2 (195.113.151.182), shongo-test3 (195.113.151.183) and
    shongo-test4 (195.113.151.184). Servers are running on shongo-test3
    and shongo-test4. Senders agents are running on shongo-test1 and
    receivers agents are running on shongo-test2.

    Instructions:
    1) Go to folder 'shongo/sw/measurement' on every machine and build project by
       command 'mvn package'
    2) Run remote launcher by command './launcher.sh -r' on
       shongo-test2 (195.113.151.182), shongo-test3 (195.113.151.183) and
       shongo-test4 (195.113.151.184)
    3) Run test case on shongo-test1 (195.113.151.181) by command
       './launcher.sh -l test-case/test-kill.xml -p PLATFORM -D"count=COUNT"' where
       PLATFORM=jxta|jade|fuse|mule and COUNT=number of agents (default 3)
-->

<launcher>
    <!-- Machines -->
    <variable name="shongo-test1" default-value="195.113.151.181" />
    <variable name="shongo-test2" default-value="195.113.151.182" />
    <variable name="shongo-test3" default-value="195.113.151.183" />
    <variable name="shongo-test4" default-value="195.113.151.184" />

    <!-- Agent Configuration -->
    <variable name="count" default-value="2" />

    <!-- Set default value for host variable to local instance -->
    <variable name="host" default-value="{shongo-test1}"/>

    <!-- Run Script Variables -->
    <variable name="run-param-server1">
        <platform type="fuse,mule" value=" --activemq={shongo-test3}:65001"/>
        <platform type="jade" value=" --localhost={shongo-test3}:1099"/>
    </variable>
    <variable name="run-param-server2">
        <platform type="fuse,mule" value=" --activemq={shongo-test4}:65001,{shongo-test3}:65001"/>
        <platform type="jade" value=" --localhost={shongo-test4}:1099 --backup={shongo-test3}:1099"/>
    </variable>
    <variable name="run-param-agent">
        <platform type="fuse,mule" value=" --activemq={shongo-test3}:65001,{shongo-test4}:65001"/>
        <platform type="jade" value=" --localhost={host}"/>
    </variable>
    <variable name="run" default-value="./{platform}.{extension}" />

    <!-- Setup Launcher Instances - executed sequentially in the order of appearance -->
    <instance id="server1" type="remote" host="{shongo-test3}">
        {run}{run-param-server1} --agent=server1
    </instance>
    <instance id="server2" type="remote" host="{shongo-test4}">
        {run}{run-param-server2} --agent=server2
    </instance>
    <instance id="jvm1" type="local">
        {run}{run-param-agent} --agent=s --type=sender --count={count} --join={shongo-test3}:1099
    </instance>
    <instance id="jvm2" type="remote" host="{shongo-test2}">
        {run}{run-param-agent} --agent=r --type=receiver --count={count} --join={shongo-test3}:1099
    </instance>

    <!-- Instructions -->
    <cycle count="3">
        <command for="server2">kill</command>
        <command for="jvm1">send r{agent-id} "Simple Hello{index}"</command>

        <echo value="Sending Normal" sleep="1000"/>
        <cycle count="5">
            <command for="jvm1">send r{agent-id} "Normal Hello{index}"</command>
            <sleep duration="500"/>
        </cycle>

        <command for="server2">start</command>
        <command for="server1">kill</command>

        <echo value="Sending After Kill" sleep="1000"/>
        <cycle count="5">
            <command for="jvm1">send r{agent-id} "Killed Hello{index}"</command>
            <sleep duration="500"/>
        </cycle>

        <command for="server1">start</command>
    </cycle>

    <sleep duration="5000"/>

    <!-- Quit -->
    <command>quit</command>

</launcher>