<?xml version="1.0" encoding="UTF-8"?>

<!--
    Test Case for Round-Trip Latency Testing

    Test is running on two machines shongo-test1 (195.113.151.181) and
    shongo-test2 (195.113.151.182). The sender agents are started on shongo-test1
    and the receiver agents are started on shongo-test2. Sender agent sends message
    to corresponding receiver agent which will reply to it by answer.
    When sender receives answer it will print out round-trip duration.

    Instructions:
    1) Go to folder 'shongo/sw/measurement' on both machines and build project by
       command 'mvn package'
    2) Run remote launcher on shongo-test2 (195.113.151.182) by command './launcher.sh -r'
    3) Run test case on shongo-test1 (195.113.151.181) by command
       './launcher.sh -l test-case/test-latency.xml -p PLATFORM -D"count=COUNT"' where
       PLATFORM=jxta|jade|fuse|mule and COUNT=number of agents (default 3)
-->

<launcher>
    <!-- Machines -->
    <variable name="shongo-test1" default-value="195.113.151.181" />
    <variable name="shongo-test2" default-value="195.113.151.182"  />

    <!-- Agent Configuration -->
    <variable name="count" default-value="3" />

    <!-- ESB Configuration -->
    <variable name="host-activemq" default-value="{shongo-test1}:61616" />

    <!-- Set default value for host variable to local instance -->
    <variable name="host" default-value="{shongo-test1}"/>

    <!-- Run Parameters -->
    <variable name="run-param">
        <!-- ESB agents need to know where ActiveMQ is running / should be started -->
        <platform type="fuse" value=" --activemq={host-activemq}"/>
        <platform type="mule" value=" --activemq={host-activemq}"/>
        <!-- Jade will run at {host} interface (host will be replaced by instance host parameter) -->
        <platform type="jade" value=" --localhost={host}"/>
    </variable>

    <!-- Run Command -->
    <variable name="run" default-value="./{platform}.{extension}{run-param}" />

    <!-- Setup Launcher Instances -->
    <instance id="jvm1" type="local">
        {run} --agent=a --type=sender --count={count}
    </instance>
    <instance id="jvm2" type="remote" host="{shongo-test2}" require="jvm1" >
        {run} --agent=b --type=receiver --count={count} --join={shongo-test1}
    </instance>

    <command>profiler:enable</command>

    <!-- Instrutions -->
    <cycle count="10">
        <command for="jvm1">send b{agent-id} Hello{index}</command>
        <sleep duration="1000" />
    </cycle>

    <command>profiler:disable</command>

    <command>quit</command>

</launcher>
